ninja: Entering directory `/Users/zhangshihao/AsTest/FFMpegTest2/app/.cxx/cmake/debug/arm64-v8a'
[1/2] Building CXX object CMakeFiles/native-lib.dir/native-lib.cpp.o
clang++: warning: argument unused during compilation: '-L/Users/zhangshihao/AsTest/FFMpegTest2/app/src/main/cpp/arm64-v8a' [-Wunused-command-line-argument]
[2/2] Linking CXX shared library /Users/zhangshihao/AsTest/FFMpegTest2/app/build/intermediates/cmake/debug/obj/arm64-v8a/libnative-lib.so
FAILED: /Users/zhangshihao/AsTest/FFMpegTest2/app/build/intermediates/cmake/debug/obj/arm64-v8a/libnative-lib.so 
: && /Users/zhangshihao/Library/Android/sdk/ndk/21.1.6352462/toolchains/llvm/prebuilt/darwin-x86_64/bin/clang++ --target=aarch64-none-linux-android23 --gcc-toolchain=/Users/zhangshihao/Library/Android/sdk/ndk/21.1.6352462/toolchains/llvm/prebuilt/darwin-x86_64 --sysroot=/Users/zhangshihao/Library/Android/sdk/ndk/21.1.6352462/toolchains/llvm/prebuilt/darwin-x86_64/sysroot -fPIC -g -DANDROID -fdata-sections -ffunction-sections -funwind-tables -fstack-protector-strong -no-canonical-prefixes -D_FORTIFY_SOURCE=2 -Wformat -Werror=format-security   -L/Users/zhangshihao/AsTest/FFMpegTest2/app/src/main/cpp/arm64-v8a -O0 -fno-limit-debug-info  -Wl,--exclude-libs,libgcc.a -Wl,--exclude-libs,libgcc_real.a -Wl,--exclude-libs,libatomic.a -static-libstdc++ -Wl,--build-id -Wl,--fatal-warnings -Wl,--no-undefined -Qunused-arguments -shared -Wl,-soname,libnative-lib.so -o /Users/zhangshihao/AsTest/FFMpegTest2/app/build/intermediates/cmake/debug/obj/arm64-v8a/libnative-lib.so CMakeFiles/native-lib.dir/native-lib.cpp.o  -lavformat -lavcodec -lavfilter -lavutil -lswresample -lswscale -lpostproc -llog -latomic -lm && :
/Users/zhangshihao/Library/Android/sdk/ndk/21.1.6352462/toolchains/llvm/prebuilt/darwin-x86_64/lib/gcc/aarch64-linux-android/4.9.x/../../../../aarch64-linux-android/bin/ld: cannot find -lavformat
/Users/zhangshihao/Library/Android/sdk/ndk/21.1.6352462/toolchains/llvm/prebuilt/darwin-x86_64/lib/gcc/aarch64-linux-android/4.9.x/../../../../aarch64-linux-android/bin/ld: cannot find -lavcodec
/Users/zhangshihao/Library/Android/sdk/ndk/21.1.6352462/toolchains/llvm/prebuilt/darwin-x86_64/lib/gcc/aarch64-linux-android/4.9.x/../../../../aarch64-linux-android/bin/ld: cannot find -lavfilter
/Users/zhangshihao/Library/Android/sdk/ndk/21.1.6352462/toolchains/llvm/prebuilt/darwin-x86_64/lib/gcc/aarch64-linux-android/4.9.x/../../../../aarch64-linux-android/bin/ld: cannot find -lavutil
/Users/zhangshihao/Library/Android/sdk/ndk/21.1.6352462/toolchains/llvm/prebuilt/darwin-x86_64/lib/gcc/aarch64-linux-android/4.9.x/../../../../aarch64-linux-android/bin/ld: cannot find -lswresample
/Users/zhangshihao/Library/Android/sdk/ndk/21.1.6352462/toolchains/llvm/prebuilt/darwin-x86_64/lib/gcc/aarch64-linux-android/4.9.x/../../../../aarch64-linux-android/bin/ld: cannot find -lswscale
/Users/zhangshihao/Library/Android/sdk/ndk/21.1.6352462/toolchains/llvm/prebuilt/darwin-x86_64/lib/gcc/aarch64-linux-android/4.9.x/../../../../aarch64-linux-android/bin/ld: cannot find -lpostproc
clang++: error: linker command failed with exit code 1 (use -v to see invocation)
ninja: build stopped: subcommand failed.
